<?xml version="1.0" encoding="UTF-8"?>
<!-- Generated by org.testng.reporters.JUnitXMLReporter -->
<testsuite hostname="Ashish-Laptop" tests="0" failures="0" timestamp="13 Sep 2018 15:06:13 GMT" time="0.019" errors="0">
  <testcase name="@BeforeSuite setUp" time="0.0" classname="com.qa.testcases.BaseTest">
    <failure type="org.testng.TestNGException" message="
Parameter &amp;apos;node&amp;apos; is required by @Configuration on method setUp but has not been marked @Optional or defined
in E:\Selenium\Selenium Projects-Java\WS_SeleniumGrid\SeleniumGrid\testng.xml">
      <![CDATA[org.testng.TestNGException: 
Parameter 'node' is required by @Configuration on method setUp but has not been marked @Optional or defined
in E:\Selenium\Selenium Projects-Java\WS_SeleniumGrid\SeleniumGrid\testng.xml
... Removed 16 stack frames]]>
    </failure>
  </testcase> <!-- @BeforeSuite setUp -->
</testsuite>
